生成启动时间为 2017/7/19 9:54:44。
     1>项目“D:\TS\GameProject\OwnTool\ReadXls\ReadXls\ReadXls.vcxproj”在节点 2 上(Build 个目标)。
     1>ClCompile:
         C:\Program Files (x86)\Microsoft Visual Studio 12.0\VC\bin\CL.exe /c /Zi /nologo /W3 /WX- /sdl /Od /Oi /Oy- /GL /D WIN32 /D _WINDOWS /D NDEBUG /D _UNICODE /D UNICODE /D _AFXDLL /Gm- /EHsc /MD /GS /Gy /fp:precise /Zc:wchar_t /Zc:forScope /Yu"stdafx.h" /Fp"Release\ReadXls.pch" /Fo"Release\\" /Fd"Release\vc120.pdb" /Gd /TP /analyze- /errorReport:prompt ReadXlsDlg.cpp
         ReadXlsDlg.cpp
     1>ReadXlsDlg.cpp(656): warning C4018: “<”: 有符号/无符号不匹配
     1>ReadXlsDlg.cpp(1239): warning C4018: “<”: 有符号/无符号不匹配
     1>ReadXlsDlg.cpp(1282): warning C4018: “<”: 有符号/无符号不匹配
     1>ReadXlsDlg.cpp(1287): warning C4018: “<”: 有符号/无符号不匹配
     1>ReadXlsDlg.cpp(1110): warning C4101: “SheetSize”: 未引用的局部变量
       Link:
         C:\Program Files (x86)\Microsoft Visual Studio 12.0\VC\bin\link.exe /ERRORREPORT:PROMPT /OUT:"D:\TS\GameProject\OwnTool\ReadXls\Release\ReadXls.exe" /INCREMENTAL:NO /NOLOGO /MANIFEST /MANIFESTUAC:"level='asInvoker' uiAccess='false'" /manifest:embed /manifestinput:"C:\Program Files (x86)\Microsoft Visual Studio 12.0\VC\Include\Manifest\dpiaware.manifest" /DEBUG /PDB:"D:\TS\GameProject\OwnTool\ReadXls\Release\ReadXls.pdb" /SUBSYSTEM:WINDOWS /OPT:REF /OPT:ICF /LTCG /TLBID:1 /ENTRY:"wWinMainCRTStartup" /DYNAMICBASE /NXCOMPAT /IMPLIB:"D:\TS\GameProject\OwnTool\ReadXls\Release\ReadXls.lib" /MACHINE:X86 /SAFESEH Release\ReadXls.res
         Release\DlgProxy.obj
         Release\Excel.obj
         Release\ReadXls.obj
         Release\ReadXlsDlg.obj
         Release\stdafx.obj
         Release\tinystr.obj
         Release\tinyxml.obj
         Release\tinyxmlerror.obj
         Release\tinyxmlparser.obj
         iconv.lib
         正在生成代码
         已完成代码的生成
         ReadXls.vcxproj -> D:\TS\GameProject\OwnTool\ReadXls\Release\ReadXls.exe
     1>已完成生成项目“D:\TS\GameProject\OwnTool\ReadXls\ReadXls\ReadXls.vcxproj”(Build 个目标)的操作。

生成成功。

已用时间 00:00:03.49
