d:\gameproject\owntool\readxls\readxls\release\readxls.pch
d:\gameproject\owntool\readxls\readxls\release\vc120.pdb
d:\gameproject\owntool\readxls\readxls\release\stdafx.obj
d:\gameproject\owntool\readxls\readxls\release\tinyxmlparser.obj
d:\gameproject\owntool\readxls\readxls\release\tinyxmlerror.obj
d:\gameproject\owntool\readxls\readxls\release\tinyxml.obj
d:\gameproject\owntool\readxls\readxls\release\tinystr.obj
d:\gameproject\owntool\readxls\readxls\release\readxlsdlg.obj
d:\gameproject\owntool\readxls\readxls\release\readxls.obj
d:\gameproject\owntool\readxls\readxls\release\excel.obj
d:\gameproject\owntool\readxls\readxls\release\dlgproxy.obj
d:\gameproject\owntool\readxls\release\readxls.exe
d:\gameproject\owntool\readxls\release\readxls.pdb
d:\gameproject\owntool\readxls\readxls\release\readxls.tlb
d:\gameproject\owntool\readxls\readxls\readxls_i.c
d:\gameproject\owntool\readxls\readxls\readxls_h.h
d:\gameproject\owntool\readxls\readxls\release\readxls.res
d:\gameproject\owntool\readxls\readxls\release\readxls.tlog\cl.command.1.tlog
d:\gameproject\owntool\readxls\readxls\release\readxls.tlog\cl.read.1.tlog
d:\gameproject\owntool\readxls\readxls\release\readxls.tlog\cl.write.1.tlog
d:\gameproject\owntool\readxls\readxls\release\readxls.tlog\link.command.1.tlog
d:\gameproject\owntool\readxls\readxls\release\readxls.tlog\link.read.1.tlog
d:\gameproject\owntool\readxls\readxls\release\readxls.tlog\link.write.1.tlog
d:\gameproject\owntool\readxls\readxls\release\readxls.tlog\midl.command.1.tlog
d:\gameproject\owntool\readxls\readxls\release\readxls.tlog\midl.read.1.tlog
d:\gameproject\owntool\readxls\readxls\release\readxls.tlog\midl.write.1.tlog
d:\gameproject\owntool\readxls\readxls\release\readxls.tlog\rc.command.1.tlog
d:\gameproject\owntool\readxls\readxls\release\readxls.tlog\rc.read.1.tlog
d:\gameproject\owntool\readxls\readxls\release\readxls.tlog\rc.write.1.tlog
